<?xml version="1.0" encoding="UTF-8"?>
<!-- Generated by org.testng.reporters.JUnitReportReporter -->
<testsuite hostname="WN7-6Y1FVS1" name="Core.TestCoreClass" tests="1" failures="0" timestamp="26 Mar 2014 03:50:37 GMT" time="485.587" errors="0">
  <testcase name="TestModuler" time="485.587" classname="Core.TestCoreClass"/>
</testsuite> <!-- Core.TestCoreClass -->
