<?xml version="1.0" encoding="UTF-8"?>
<!-- Generated by org.testng.reporters.JUnitReportReporter -->
<testsuite hostname="WN7-6Y1FVS1" name="DataBaseConnectivity.TestDB" tests="1" failures="0" timestamp="26 Mar 2014 03:35:00 GMT" time="18.650" errors="0">
  <testcase name="TestCon" time="18.650" classname="DataBaseConnectivity.TestDB"/>
</testsuite> <!-- DataBaseConnectivity.TestDB -->
