<?xml version="1.0" encoding="UTF-8"?>
<!-- Generated by org.testng.reporters.JUnitReportReporter -->
<testsuite hostname="WN7-6Y1FVS1" name="Webdriver.TestFirefox" tests="1" failures="0" timestamp="12 Mar 2014 03:40:25 GMT" time="3.213" errors="0">
  <testcase name="TestFB" time="3.213" classname="Webdriver.TestFirefox"/>
</testsuite> <!-- Webdriver.TestFirefox -->
