<?xml version="1.0" encoding="UTF-8"?>
<!-- Generated by org.testng.reporters.JUnitReportReporter -->
<testsuite hostname="WN7-6Y1FVS1" name="Object_Reposi.TestReadObjectRep" tests="1" failures="0" timestamp="19 Mar 2014 03:31:11 GMT" time="0.091" errors="0">
  <testcase name="TestRead" time="0.091" classname="Object_Reposi.TestReadObjectRep"/>
</testsuite> <!-- Object_Reposi.TestReadObjectRep -->
