<?xml version="1.0" encoding="UTF-8"?>
<!-- Generated by org.testng.reporters.JUnitReportReporter -->
<testsuite hostname="WN7-6Y1FVS1" name="ActionsClassFUnctiomn.TestMoveElement" tests="1" failures="0" timestamp="17 Mar 2014 03:32:01 GMT" time="55.880" errors="0">
  <testcase name="TestFF" time="55.880" classname="ActionsClassFUnctiomn.TestMoveElement"/>
</testsuite> <!-- ActionsClassFUnctiomn.TestMoveElement -->
