<?xml version="1.0" encoding="UTF-8"?>
<!-- Generated by org.testng.reporters.JUnitReportReporter -->
<testsuite hostname="WN7-6Y1FVS1" name="ExcelReading.ReadXLSFiles" tests="1" failures="0" timestamp="19 Mar 2014 03:41:53 GMT" time="0.441" errors="0">
  <testcase name="TestExcel" time="0.441" classname="ExcelReading.ReadXLSFiles"/>
</testsuite> <!-- ExcelReading.ReadXLSFiles -->
