<?xml version="1.0" encoding="UTF-8"?>
<!-- Generated by org.testng.reporters.JUnitReportReporter -->
<testsuite hostname="WN7-6Y1FVS1" name="SeleniumGrid.TestGridFF" tests="1" failures="0" timestamp="7 Apr 2014 03:51:10 GMT" time="27.157" errors="0">
  <testcase name="TestAppFF" time="27.157" classname="SeleniumGrid.TestGridFF"/>
</testsuite> <!-- SeleniumGrid.TestGridFF -->
