<?xml version="1.0" encoding="UTF-8"?>
<!-- Generated by org.testng.reporters.JUnitReportReporter -->
<testsuite hostname="WN7-6Y1FVS1" name="HyBridFramework.TestHybridApproach" tests="1" failures="0" timestamp="2 Apr 2014 04:02:52 GMT" time="31.604" errors="0">
  <testcase name="TestRead" time="31.604" classname="HyBridFramework.TestHybridApproach"/>
</testsuite> <!-- HyBridFramework.TestHybridApproach -->
